<?xml version="1.0" encoding="UTF-8"?>
<testsuite xmlns:xsi="http://www.w3.org/2001/XMLSchema-instance" xsi:noNamespaceSchemaLocation="https://maven.apache.org/surefire/maven-surefire-plugin/xsd/surefire-test-report.xsd" name="common.CommonTest" time="4.213" tests="2" errors="0" skipped="0" failures="0">
  <properties>
    <property name="sun.desktop" value="windows"/>
    <property name="awt.toolkit" value="sun.awt.windows.WToolkit"/>
    <property name="file.encoding.pkg" value="sun.io"/>
    <property name="java.specification.version" value="1.8"/>
    <property name="sun.cpu.isalist" value="amd64"/>
    <property name="sun.jnu.encoding" value="GBK"/>
    <property name="java.class.path" value="D:\mycode\baseCode\base-code-controller\target\test-classes;D:\mycode\baseCode\base-code-controller\target\classes;D:\mycode\baseCode\base-code-service\target\base-code-service-1.0-SNAPSHOT.jar;D:\mycode\baseCode\base-code-common\target\base-code-common-1.0-SNAPSHOT.jar;D:\mavenLib\org\springframework\boot\spring-boot-starter\2.3.2.RELEASE\spring-boot-starter-2.3.2.RELEASE.jar;D:\mavenLib\org\springframework\boot\spring-boot-autoconfigure\2.3.2.RELEASE\spring-boot-autoconfigure-2.3.2.RELEASE.jar;D:\mavenLib\org\springframework\boot\spring-boot-starter-logging\2.3.2.RELEASE\spring-boot-starter-logging-2.3.2.RELEASE.jar;D:\mavenLib\ch\qos\logback\logback-classic\1.2.3\logback-classic-1.2.3.jar;D:\mavenLib\ch\qos\logback\logback-core\1.2.3\logback-core-1.2.3.jar;D:\mavenLib\org\apache\logging\log4j\log4j-to-slf4j\2.13.3\log4j-to-slf4j-2.13.3.jar;D:\mavenLib\org\apache\logging\log4j\log4j-api\2.13.3\log4j-api-2.13.3.jar;D:\mavenLib\org\slf4j\jul-to-slf4j\1.7.30\jul-to-slf4j-1.7.30.jar;D:\mavenLib\jakarta\annotation\jakarta.annotation-api\1.3.5\jakarta.annotation-api-1.3.5.jar;D:\mavenLib\org\yaml\snakeyaml\1.29\snakeyaml-1.29.jar;D:\mavenLib\org\springframework\boot\spring-boot-starter-web\2.3.2.RELEASE\spring-boot-starter-web-2.3.2.RELEASE.jar;D:\mavenLib\org\springframework\boot\spring-boot-starter-json\2.3.2.RELEASE\spring-boot-starter-json-2.3.2.RELEASE.jar;D:\mavenLib\com\fasterxml\jackson\datatype\jackson-datatype-jdk8\2.11.1\jackson-datatype-jdk8-2.11.1.jar;D:\mavenLib\com\fasterxml\jackson\datatype\jackson-datatype-jsr310\2.11.1\jackson-datatype-jsr310-2.11.1.jar;D:\mavenLib\com\fasterxml\jackson\module\jackson-module-parameter-names\2.11.1\jackson-module-parameter-names-2.11.1.jar;D:\mavenLib\org\springframework\boot\spring-boot-starter-tomcat\2.3.2.RELEASE\spring-boot-starter-tomcat-2.3.2.RELEASE.jar;D:\mavenLib\org\apache\tomcat\embed\tomcat-embed-core\9.0.37\tomcat-embed-core-9.0.37.jar;D:\mavenLib\org\glassfish\jakarta.el\3.0.3\jakarta.el-3.0.3.jar;D:\mavenLib\org\apache\tomcat\embed\tomcat-embed-websocket\9.0.37\tomcat-embed-websocket-9.0.37.jar;D:\mavenLib\org\springframework\spring-web\5.2.8.RELEASE\spring-web-5.2.8.RELEASE.jar;D:\mavenLib\org\springframework\spring-webmvc\5.2.8.RELEASE\spring-webmvc-5.2.8.RELEASE.jar;D:\mavenLib\org\mybatis\spring\boot\mybatis-spring-boot-starter\1.3.2\mybatis-spring-boot-starter-1.3.2.jar;D:\mavenLib\org\springframework\boot\spring-boot-starter-jdbc\2.3.2.RELEASE\spring-boot-starter-jdbc-2.3.2.RELEASE.jar;D:\mavenLib\com\zaxxer\HikariCP\3.4.5\HikariCP-3.4.5.jar;D:\mavenLib\org\springframework\spring-jdbc\5.2.8.RELEASE\spring-jdbc-5.2.8.RELEASE.jar;D:\mavenLib\org\springframework\spring-tx\5.2.8.RELEASE\spring-tx-5.2.8.RELEASE.jar;D:\mavenLib\org\mybatis\spring\boot\mybatis-spring-boot-autoconfigure\1.3.2\mybatis-spring-boot-autoconfigure-1.3.2.jar;D:\mavenLib\org\mybatis\mybatis\3.4.6\mybatis-3.4.6.jar;D:\mavenLib\org\mybatis\mybatis-spring\1.3.2\mybatis-spring-1.3.2.jar;D:\mavenLib\mysql\mysql-connector-java\8.0.21\mysql-connector-java-8.0.21.jar;D:\mavenLib\com\alibaba\druid-spring-boot-starter\1.2.5\druid-spring-boot-starter-1.2.5.jar;D:\mavenLib\com\alibaba\druid\1.2.5\druid-1.2.5.jar;D:\mavenLib\tk\mybatis\mapper-spring-boot-starter\2.1.4\mapper-spring-boot-starter-2.1.4.jar;D:\mavenLib\tk\mybatis\mapper-core\1.1.4\mapper-core-1.1.4.jar;D:\mavenLib\javax\persistence\persistence-api\1.0\persistence-api-1.0.jar;D:\mavenLib\tk\mybatis\mapper-base\1.1.4\mapper-base-1.1.4.jar;D:\mavenLib\tk\mybatis\mapper-weekend\1.1.4.6\mapper-weekend-1.1.4.6.jar;D:\mavenLib\tk\mybatis\mapper-spring\1.1.4\mapper-spring-1.1.4.jar;D:\mavenLib\tk\mybatis\mapper-extra\1.1.4\mapper-extra-1.1.4.jar;D:\mavenLib\tk\mybatis\mapper-spring-boot-autoconfigure\2.1.4\mapper-spring-boot-autoconfigure-2.1.4.jar;D:\mavenLib\org\springframework\boot\spring-boot-starter-security\2.3.5.RELEASE\spring-boot-starter-security-2.3.5.RELEASE.jar;D:\mavenLib\org\springframework\spring-aop\5.2.8.RELEASE\spring-aop-5.2.8.RELEASE.jar;D:\mavenLib\org\springframework\security\spring-security-config\5.3.3.RELEASE\spring-security-config-5.3.3.RELEASE.jar;D:\mavenLib\org\springframework\security\spring-security-web\5.3.3.RELEASE\spring-security-web-5.3.3.RELEASE.jar;D:\mavenLib\org\springframework\security\oauth\spring-security-oauth2\2.3.5.RELEASE\spring-security-oauth2-2.3.5.RELEASE.jar;D:\mavenLib\org\springframework\spring-beans\5.2.8.RELEASE\spring-beans-5.2.8.RELEASE.jar;D:\mavenLib\org\springframework\security\spring-security-core\5.3.3.RELEASE\spring-security-core-5.3.3.RELEASE.jar;D:\mavenLib\commons-codec\commons-codec\1.14\commons-codec-1.14.jar;D:\mavenLib\org\codehaus\jackson\jackson-mapper-asl\1.9.13\jackson-mapper-asl-1.9.13.jar;D:\mavenLib\org\codehaus\jackson\jackson-core-asl\1.9.13\jackson-core-asl-1.9.13.jar;D:\mavenLib\io\jsonwebtoken\jjwt\0.9.1\jjwt-0.9.1.jar;D:\mavenLib\com\fasterxml\jackson\core\jackson-databind\2.11.1\jackson-databind-2.11.1.jar;D:\mavenLib\com\fasterxml\jackson\core\jackson-annotations\2.11.1\jackson-annotations-2.11.1.jar;D:\mavenLib\com\fasterxml\jackson\core\jackson-core\2.11.1\jackson-core-2.11.1.jar;D:\mavenLib\org\projectlombok\lombok\1.18.6\lombok-1.18.6.jar;D:\mavenLib\org\apache\commons\commons-lang3\3.8\commons-lang3-3.8.jar;D:\mavenLib\org\apache\commons\commons-collections4\4.1\commons-collections4-4.1.jar;D:\mavenLib\com\alibaba\fastjson\1.2.31\fastjson-1.2.31.jar;D:\mavenLib\com\github\pagehelper\pagehelper-spring-boot-starter\1.2.12\pagehelper-spring-boot-starter-1.2.12.jar;D:\mavenLib\com\github\pagehelper\pagehelper-spring-boot-autoconfigure\1.2.12\pagehelper-spring-boot-autoconfigure-1.2.12.jar;D:\mavenLib\com\github\pagehelper\pagehelper\5.1.10\pagehelper-5.1.10.jar;D:\mavenLib\com\github\jsqlparser\jsqlparser\2.0\jsqlparser-2.0.jar;D:\mavenLib\junit\junit\4.13\junit-4.13.jar;D:\mavenLib\org\hamcrest\hamcrest-core\2.2\hamcrest-core-2.2.jar;D:\mavenLib\org\hamcrest\hamcrest\2.2\hamcrest-2.2.jar;D:\mavenLib\org\springframework\boot\spring-boot-test\2.3.2.RELEASE\spring-boot-test-2.3.2.RELEASE.jar;D:\mavenLib\org\springframework\boot\spring-boot\2.3.2.RELEASE\spring-boot-2.3.2.RELEASE.jar;D:\mavenLib\org\springframework\spring-context\5.2.8.RELEASE\spring-context-5.2.8.RELEASE.jar;D:\mavenLib\org\springframework\spring-expression\5.2.8.RELEASE\spring-expression-5.2.8.RELEASE.jar;D:\mavenLib\org\springframework\spring-test\5.2.8.RELEASE\spring-test-5.2.8.RELEASE.jar;D:\mavenLib\org\springframework\spring-core\5.2.8.RELEASE\spring-core-5.2.8.RELEASE.jar;D:\mavenLib\org\springframework\spring-jcl\5.2.8.RELEASE\spring-jcl-5.2.8.RELEASE.jar;D:\mavenLib\redis\clients\jedis\3.3.0\jedis-3.3.0.jar;D:\mavenLib\org\slf4j\slf4j-api\1.7.30\slf4j-api-1.7.30.jar;D:\mavenLib\org\apache\commons\commons-pool2\2.8.0\commons-pool2-2.8.0.jar;"/>
    <property name="java.vm.vendor" value="Oracle Corporation"/>
    <property name="sun.arch.data.model" value="64"/>
    <property name="user.variant" value=""/>
    <property name="java.vendor.url" value="http://java.oracle.com/"/>
    <property name="user.timezone" value="Asia/Shanghai"/>
    <property name="java.vm.specification.version" value="1.8"/>
    <property name="os.name" value="Windows 10"/>
    <property name="user.country" value="CN"/>
    <property name="sun.java.launcher" value="SUN_STANDARD"/>
    <property name="sun.boot.library.path" value="D:\jdk1.8\jre\bin"/>
    <property name="sun.java.command" value="C:\Users\19717\AppData\Local\Temp\surefire5664158010537233662\surefirebooter7392521897191116945.jar C:\Users\19717\AppData\Local\Temp\surefire5664158010537233662 2021-12-07T15-12-10_908-jvmRun1 surefire808344964469551127tmp surefire_0913985508631745853tmp"/>
    <property name="surefire.test.class.path" value="D:\mycode\baseCode\base-code-controller\target\test-classes;D:\mycode\baseCode\base-code-controller\target\classes;D:\mycode\baseCode\base-code-service\target\base-code-service-1.0-SNAPSHOT.jar;D:\mycode\baseCode\base-code-common\target\base-code-common-1.0-SNAPSHOT.jar;D:\mavenLib\org\springframework\boot\spring-boot-starter\2.3.2.RELEASE\spring-boot-starter-2.3.2.RELEASE.jar;D:\mavenLib\org\springframework\boot\spring-boot-autoconfigure\2.3.2.RELEASE\spring-boot-autoconfigure-2.3.2.RELEASE.jar;D:\mavenLib\org\springframework\boot\spring-boot-starter-logging\2.3.2.RELEASE\spring-boot-starter-logging-2.3.2.RELEASE.jar;D:\mavenLib\ch\qos\logback\logback-classic\1.2.3\logback-classic-1.2.3.jar;D:\mavenLib\ch\qos\logback\logback-core\1.2.3\logback-core-1.2.3.jar;D:\mavenLib\org\apache\logging\log4j\log4j-to-slf4j\2.13.3\log4j-to-slf4j-2.13.3.jar;D:\mavenLib\org\apache\logging\log4j\log4j-api\2.13.3\log4j-api-2.13.3.jar;D:\mavenLib\org\slf4j\jul-to-slf4j\1.7.30\jul-to-slf4j-1.7.30.jar;D:\mavenLib\jakarta\annotation\jakarta.annotation-api\1.3.5\jakarta.annotation-api-1.3.5.jar;D:\mavenLib\org\yaml\snakeyaml\1.29\snakeyaml-1.29.jar;D:\mavenLib\org\springframework\boot\spring-boot-starter-web\2.3.2.RELEASE\spring-boot-starter-web-2.3.2.RELEASE.jar;D:\mavenLib\org\springframework\boot\spring-boot-starter-json\2.3.2.RELEASE\spring-boot-starter-json-2.3.2.RELEASE.jar;D:\mavenLib\com\fasterxml\jackson\datatype\jackson-datatype-jdk8\2.11.1\jackson-datatype-jdk8-2.11.1.jar;D:\mavenLib\com\fasterxml\jackson\datatype\jackson-datatype-jsr310\2.11.1\jackson-datatype-jsr310-2.11.1.jar;D:\mavenLib\com\fasterxml\jackson\module\jackson-module-parameter-names\2.11.1\jackson-module-parameter-names-2.11.1.jar;D:\mavenLib\org\springframework\boot\spring-boot-starter-tomcat\2.3.2.RELEASE\spring-boot-starter-tomcat-2.3.2.RELEASE.jar;D:\mavenLib\org\apache\tomcat\embed\tomcat-embed-core\9.0.37\tomcat-embed-core-9.0.37.jar;D:\mavenLib\org\glassfish\jakarta.el\3.0.3\jakarta.el-3.0.3.jar;D:\mavenLib\org\apache\tomcat\embed\tomcat-embed-websocket\9.0.37\tomcat-embed-websocket-9.0.37.jar;D:\mavenLib\org\springframework\spring-web\5.2.8.RELEASE\spring-web-5.2.8.RELEASE.jar;D:\mavenLib\org\springframework\spring-webmvc\5.2.8.RELEASE\spring-webmvc-5.2.8.RELEASE.jar;D:\mavenLib\org\mybatis\spring\boot\mybatis-spring-boot-starter\1.3.2\mybatis-spring-boot-starter-1.3.2.jar;D:\mavenLib\org\springframework\boot\spring-boot-starter-jdbc\2.3.2.RELEASE\spring-boot-starter-jdbc-2.3.2.RELEASE.jar;D:\mavenLib\com\zaxxer\HikariCP\3.4.5\HikariCP-3.4.5.jar;D:\mavenLib\org\springframework\spring-jdbc\5.2.8.RELEASE\spring-jdbc-5.2.8.RELEASE.jar;D:\mavenLib\org\springframework\spring-tx\5.2.8.RELEASE\spring-tx-5.2.8.RELEASE.jar;D:\mavenLib\org\mybatis\spring\boot\mybatis-spring-boot-autoconfigure\1.3.2\mybatis-spring-boot-autoconfigure-1.3.2.jar;D:\mavenLib\org\mybatis\mybatis\3.4.6\mybatis-3.4.6.jar;D:\mavenLib\org\mybatis\mybatis-spring\1.3.2\mybatis-spring-1.3.2.jar;D:\mavenLib\mysql\mysql-connector-java\8.0.21\mysql-connector-java-8.0.21.jar;D:\mavenLib\com\alibaba\druid-spring-boot-starter\1.2.5\druid-spring-boot-starter-1.2.5.jar;D:\mavenLib\com\alibaba\druid\1.2.5\druid-1.2.5.jar;D:\mavenLib\tk\mybatis\mapper-spring-boot-starter\2.1.4\mapper-spring-boot-starter-2.1.4.jar;D:\mavenLib\tk\mybatis\mapper-core\1.1.4\mapper-core-1.1.4.jar;D:\mavenLib\javax\persistence\persistence-api\1.0\persistence-api-1.0.jar;D:\mavenLib\tk\mybatis\mapper-base\1.1.4\mapper-base-1.1.4.jar;D:\mavenLib\tk\mybatis\mapper-weekend\1.1.4.6\mapper-weekend-1.1.4.6.jar;D:\mavenLib\tk\mybatis\mapper-spring\1.1.4\mapper-spring-1.1.4.jar;D:\mavenLib\tk\mybatis\mapper-extra\1.1.4\mapper-extra-1.1.4.jar;D:\mavenLib\tk\mybatis\mapper-spring-boot-autoconfigure\2.1.4\mapper-spring-boot-autoconfigure-2.1.4.jar;D:\mavenLib\org\springframework\boot\spring-boot-starter-security\2.3.5.RELEASE\spring-boot-starter-security-2.3.5.RELEASE.jar;D:\mavenLib\org\springframework\spring-aop\5.2.8.RELEASE\spring-aop-5.2.8.RELEASE.jar;D:\mavenLib\org\springframework\security\spring-security-config\5.3.3.RELEASE\spring-security-config-5.3.3.RELEASE.jar;D:\mavenLib\org\springframework\security\spring-security-web\5.3.3.RELEASE\spring-security-web-5.3.3.RELEASE.jar;D:\mavenLib\org\springframework\security\oauth\spring-security-oauth2\2.3.5.RELEASE\spring-security-oauth2-2.3.5.RELEASE.jar;D:\mavenLib\org\springframework\spring-beans\5.2.8.RELEASE\spring-beans-5.2.8.RELEASE.jar;D:\mavenLib\org\springframework\security\spring-security-core\5.3.3.RELEASE\spring-security-core-5.3.3.RELEASE.jar;D:\mavenLib\commons-codec\commons-codec\1.14\commons-codec-1.14.jar;D:\mavenLib\org\codehaus\jackson\jackson-mapper-asl\1.9.13\jackson-mapper-asl-1.9.13.jar;D:\mavenLib\org\codehaus\jackson\jackson-core-asl\1.9.13\jackson-core-asl-1.9.13.jar;D:\mavenLib\io\jsonwebtoken\jjwt\0.9.1\jjwt-0.9.1.jar;D:\mavenLib\com\fasterxml\jackson\core\jackson-databind\2.11.1\jackson-databind-2.11.1.jar;D:\mavenLib\com\fasterxml\jackson\core\jackson-annotations\2.11.1\jackson-annotations-2.11.1.jar;D:\mavenLib\com\fasterxml\jackson\core\jackson-core\2.11.1\jackson-core-2.11.1.jar;D:\mavenLib\org\projectlombok\lombok\1.18.6\lombok-1.18.6.jar;D:\mavenLib\org\apache\commons\commons-lang3\3.8\commons-lang3-3.8.jar;D:\mavenLib\org\apache\commons\commons-collections4\4.1\commons-collections4-4.1.jar;D:\mavenLib\com\alibaba\fastjson\1.2.31\fastjson-1.2.31.jar;D:\mavenLib\com\github\pagehelper\pagehelper-spring-boot-starter\1.2.12\pagehelper-spring-boot-starter-1.2.12.jar;D:\mavenLib\com\github\pagehelper\pagehelper-spring-boot-autoconfigure\1.2.12\pagehelper-spring-boot-autoconfigure-1.2.12.jar;D:\mavenLib\com\github\pagehelper\pagehelper\5.1.10\pagehelper-5.1.10.jar;D:\mavenLib\com\github\jsqlparser\jsqlparser\2.0\jsqlparser-2.0.jar;D:\mavenLib\junit\junit\4.13\junit-4.13.jar;D:\mavenLib\org\hamcrest\hamcrest-core\2.2\hamcrest-core-2.2.jar;D:\mavenLib\org\hamcrest\hamcrest\2.2\hamcrest-2.2.jar;D:\mavenLib\org\springframework\boot\spring-boot-test\2.3.2.RELEASE\spring-boot-test-2.3.2.RELEASE.jar;D:\mavenLib\org\springframework\boot\spring-boot\2.3.2.RELEASE\spring-boot-2.3.2.RELEASE.jar;D:\mavenLib\org\springframework\spring-context\5.2.8.RELEASE\spring-context-5.2.8.RELEASE.jar;D:\mavenLib\org\springframework\spring-expression\5.2.8.RELEASE\spring-expression-5.2.8.RELEASE.jar;D:\mavenLib\org\springframework\spring-test\5.2.8.RELEASE\spring-test-5.2.8.RELEASE.jar;D:\mavenLib\org\springframework\spring-core\5.2.8.RELEASE\spring-core-5.2.8.RELEASE.jar;D:\mavenLib\org\springframework\spring-jcl\5.2.8.RELEASE\spring-jcl-5.2.8.RELEASE.jar;D:\mavenLib\redis\clients\jedis\3.3.0\jedis-3.3.0.jar;D:\mavenLib\org\slf4j\slf4j-api\1.7.30\slf4j-api-1.7.30.jar;D:\mavenLib\org\apache\commons\commons-pool2\2.8.0\commons-pool2-2.8.0.jar;"/>
    <property name="sun.cpu.endian" value="little"/>
    <property name="user.home" value="C:\Users\19717"/>
    <property name="user.language" value="zh"/>
    <property name="java.specification.vendor" value="Oracle Corporation"/>
    <property name="java.home" value="D:\jdk1.8\jre"/>
    <property name="basedir" value="D:\mycode\baseCode\base-code-controller"/>
    <property name="file.separator" value="\"/>
    <property name="line.separator" value="&#10;"/>
    <property name="java.vm.specification.vendor" value="Oracle Corporation"/>
    <property name="java.specification.name" value="Java Platform API Specification"/>
    <property name="java.awt.graphicsenv" value="sun.awt.Win32GraphicsEnvironment"/>
    <property name="surefire.real.class.path" value="C:\Users\19717\AppData\Local\Temp\surefire5664158010537233662\surefirebooter7392521897191116945.jar"/>
    <property name="sun.boot.class.path" value="D:\jdk1.8\jre\lib\resources.jar;D:\jdk1.8\jre\lib\rt.jar;D:\jdk1.8\jre\lib\sunrsasign.jar;D:\jdk1.8\jre\lib\jsse.jar;D:\jdk1.8\jre\lib\jce.jar;D:\jdk1.8\jre\lib\charsets.jar;D:\jdk1.8\jre\lib\jfr.jar;D:\jdk1.8\jre\classes"/>
    <property name="user.script" value=""/>
    <property name="sun.management.compiler" value="HotSpot 64-Bit Tiered Compilers"/>
    <property name="java.runtime.version" value="1.8.0_191-b12"/>
    <property name="user.name" value="ywh"/>
    <property name="path.separator" value=";"/>
    <property name="os.version" value="10.0"/>
    <property name="java.endorsed.dirs" value="D:\jdk1.8\jre\lib\endorsed"/>
    <property name="java.runtime.name" value="Java(TM) SE Runtime Environment"/>
    <property name="file.encoding" value="GBK"/>
    <property name="java.vm.name" value="Java HotSpot(TM) 64-Bit Server VM"/>
    <property name="localRepository" value="D:\mavenLib"/>
    <property name="java.vendor.url.bug" value="http://bugreport.sun.com/bugreport/"/>
    <property name="java.io.tmpdir" value="C:\Users\19717\AppData\Local\Temp\"/>
    <property name="java.version" value="1.8.0_191"/>
    <property name="user.dir" value="D:\mycode\baseCode\base-code-controller"/>
    <property name="os.arch" value="amd64"/>
    <property name="java.vm.specification.name" value="Java Virtual Machine Specification"/>
    <property name="java.awt.printerjob" value="sun.awt.windows.WPrinterJob"/>
    <property name="sun.os.patch.level" value=""/>
    <property name="idea.version2019.3.5" value="true"/>
    <property name="java.library.path" value="D:\jdk1.8\jre\bin;C:\WINDOWS\Sun\Java\bin;C:\WINDOWS\system32;C:\WINDOWS;C:\Program Files (x86)\Intel\Intel(R) Management Engine Components\iCLS\;C:\Program Files\Intel\Intel(R) Management Engine Components\iCLS\;C:\Windows\system32;C:\Windows;C:\Windows\System32\Wbem;C:\Windows\System32\WindowsPowerShell\v1.0\;C:\Windows\System32\OpenSSH\;C:\Program Files (x86)\Intel\Intel(R) Management Engine Components\DAL;C:\Program Files\Intel\Intel(R) Management Engine Components\DAL;C:\Program Files (x86)\Intel\Intel(R) Management Engine Components\IPT;C:\Program Files\Intel\Intel(R) Management Engine Components\IPT;C:\Program Files (x86)\NVIDIA Corporation\PhysX\Common;D:\jdk1.8\bin;D:\jdk1.8\jre\bin;D:\apache-tomcat-8.5.35\bin;D:\apache-tomcat-8.5.35\lib;D:\apache-maven-3.6.0\bin;C:\WINDOWS\system32;C:\WINDOWS;C:\WINDOWS\System32\Wbem;C:\WINDOWS\System32\WindowsPowerShell\v1.0\;C:\WINDOWS\System32\OpenSSH\;D:\Git\cmd;C:\Program Files\MySQL\MySQL Shell 8.0\bin\;C:\Users\19717\AppData\Local\Microsoft\WindowsApps;;."/>
    <property name="java.vm.info" value="mixed mode"/>
    <property name="java.vendor" value="Oracle Corporation"/>
    <property name="java.vm.version" value="25.191-b12"/>
    <property name="java.ext.dirs" value="D:\jdk1.8\jre\lib\ext;C:\WINDOWS\Sun\Java\lib\ext"/>
    <property name="sun.io.unicode.encoding" value="UnicodeLittle"/>
    <property name="maven.repo.local" value="D:\mavenLib"/>
    <property name="java.class.version" value="52.0"/>
  </properties>
  <testcase name="dataSourceTest" classname="common.CommonTest" time="0.87"/>
  <testcase name="UserServiceTest" classname="common.CommonTest" time="0.034"/>
</testsuite>